<?xml version="1.0" encoding="UTF-8"?>
<!-- Generated by org.testng.reporters.JUnitXMLReporter -->
<testsuite ignored="0" hostname="BDI-DIUNTT1" failures="0" tests="12" name="Default test" time="148.015" errors="0" timestamp="2021-12-15T12:31:20 ICT">
  <testcase classname="testcases.SendMessage" name="SendMessage" time="2.267"/>
  <testcase classname="testcases.SendMessage" name="SendMessage" time="17.42"/>
  <testcase classname="testcases.SendMessage" name="SendMessage" time="2.301"/>
  <testcase classname="testcases.SendMessage" name="SendMessage" time="1.904"/>
  <testcase classname="testcases.SendMessage" name="SendMessage" time="2.085"/>
  <testcase classname="testcases.SendMessage" name="SendMessage" time="17.545"/>
  <testcase classname="testcases.SendMessage" name="SendMessage" time="2.284"/>
  <testcase classname="testcases.SendMessage" name="SendMessage" time="17.549"/>
  <testcase classname="testcases.SendMessage" name="SendMessage" time="18.282"/>
  <testcase classname="testcases.SendMessage" name="SendMessage" time="18.364"/>
  <testcase classname="testcases.SendMessage" name="SendMessage" time="3.289"/>
  <testcase classname="testcases.SendMessage" name="SendMessage" time="2.538"/>
</testsuite> <!-- Default test -->
