<?xml version="1.0" encoding="UTF-8"?>
<!-- Generated by org.testng.reporters.JUnitXMLReporter -->
<testsuite ignored="0" hostname="BDI-DIUNTT1" failures="1" tests="1" name="Test" time="9.349" errors="0" timestamp="2021-12-15T11:05:38 ICT">
  <testcase classname="testcases.SendMessage" name="@BeforeClass setUp" time="8.805">
    <failure type="java.lang.NullPointerException" message="Cannot invoke &amp;quot;pages.DashBoard.ChooseVinBot()&amp;quot; because &amp;quot;this.db&amp;quot; is null">
      <![CDATA[java.lang.NullPointerException: Cannot invoke "pages.DashBoard.ChooseVinBot()" because "this.db" is null
at testcases.SendMessage.setUp(SendMessage.java:78)
at java.base/java.util.ArrayList.forEach(ArrayList.java:1511)
... Removed 25 stack frames]]>
    </failure>
  </testcase> <!-- @BeforeClass setUp -->
  <testcase classname="testcases.SendMessage" name="@AfterClass tearDown" time="-1.639541138408E9">
    <skipped/>
  </testcase> <!-- @AfterClass tearDown -->
  <testcase classname="testcases.SendMessage" name="SendMessage" time="0.515">
    <failure type="org.testng.internal.reflect.MethodMatcherException" message="
[public void testcases.SendMessage.SendMessage(java.lang.String,java.lang.String) throws java.lang.Exception] has no parameters defined but was found to be using a data provider (either explicitly specified or inherited from class level annotation).
Data provider mismatch
Method: SendMessage([Parameter{index=0, type=java.lang.String, declaredAnnotations=[]}, Parameter{index=1, type=java.lang.String, declaredAnnotations=[]}])
Arguments: [(java.lang.String) ,(java.lang.String) Thực đơn nhà hàng của Oasis nay có những món gì,(java.lang.String) _command:VR_COMMAND_ASK_USER|QNA_MENU_RESTAURANT_IS_MISING, _command:QNA|SCR_QNA_MENU_RESTAURANT_IS_MISING||,(java.lang.String) ]">
      <![CDATA[org.testng.internal.reflect.MethodMatcherException: 
[public void testcases.SendMessage.SendMessage(java.lang.String,java.lang.String) throws java.lang.Exception] has no parameters defined but was found to be using a data provider (either explicitly specified or inherited from class level annotation).
Data provider mismatch
Method: SendMessage([Parameter{index=0, type=java.lang.String, declaredAnnotations=[]}, Parameter{index=1, type=java.lang.String, declaredAnnotations=[]}])
Arguments: [(java.lang.String) ,(java.lang.String) Thực đơn nhà hàng của Oasis nay có những món gì,(java.lang.String) _command:VR_COMMAND_ASK_USER|QNA_MENU_RESTAURANT_IS_MISING, _command:QNA|SCR_QNA_MENU_RESTAURANT_IS_MISING||,(java.lang.String) ]
at java.base/java.util.ArrayList.forEach(ArrayList.java:1511)
... Removed 22 stack frames]]>
    </failure>
  </testcase> <!-- SendMessage -->
</testsuite> <!-- Test -->
